<?xml version="1.0" encoding="UTF-8"?>
<!-- Generated by org.testng.reporters.JUnitReportReporter -->
<testsuite hostname="PRAVEEN" failures="0" tests="4" name="testscripts.SearchFlights" time="46.168" errors="0" timestamp="2025-11-09T23:31:51 IST" skipped="0">
  <testcase classname="testscripts.SearchFlights" name="newWindow" time="0.138"/>
  <testcase classname="testscripts.SearchFlights" name="searchFlight" time="11.916"/>
  <testcase classname="testscripts.SearchFlights" name="leastPrice" time="7.408"/>
  <testcase classname="testscripts.SearchFlights" name="navigateToInfrrd" time="26.706"/>
</testsuite> <!-- testscripts.SearchFlights -->
