<?xml version="1.0" encoding="UTF-8"?>
<testng-results ignored="0" total="4" passed="4" failed="0" skipped="0">
  <reporter-output>
  </reporter-output>
  <suite started-at="2025-11-09T23:31:05 IST" name="Default suite" finished-at="2025-11-09T23:31:51 IST" duration-ms="46334">
    <groups>
    </groups>
    <test started-at="2025-11-09T23:31:05 IST" name="Default test" finished-at="2025-11-09T23:31:51 IST" duration-ms="46334">
      <class name="testscripts.SearchFlights">
        <test-method is-config="true" signature="openBrowser()[pri:0, instance:testscripts.SearchFlights@3a1d593e]" started-at="2025-11-09T23:31:05 IST" name="openBrowser" finished-at="2025-11-09T23:31:05 IST" duration-ms="68" status="PASS">
          <reporter-output>
          </reporter-output>
        </test-method> <!-- openBrowser -->
        <test-method signature="searchFlight()[pri:0, instance:testscripts.SearchFlights@3a1d593e]" started-at="2025-11-09T23:31:05 IST" name="searchFlight" finished-at="2025-11-09T23:31:17 IST" duration-ms="11916" status="PASS">
          <reporter-output>
          </reporter-output>
        </test-method> <!-- searchFlight -->
        <test-method signature="leastPrice()[pri:0, instance:testscripts.SearchFlights@3a1d593e]" started-at="2025-11-09T23:31:17 IST" name="leastPrice" finished-at="2025-11-09T23:31:24 IST" depends-on-methods="testscripts.SearchFlights.searchFlight" duration-ms="7408" status="PASS">
          <reporter-output>
          </reporter-output>
        </test-method> <!-- leastPrice -->
        <test-method signature="newWindow()[pri:0, instance:testscripts.SearchFlights@3a1d593e]" started-at="2025-11-09T23:31:24 IST" name="newWindow" finished-at="2025-11-09T23:31:24 IST" depends-on-methods="testscripts.SearchFlights.leastPrice" duration-ms="138" status="PASS">
          <reporter-output>
          </reporter-output>
        </test-method> <!-- newWindow -->
        <test-method signature="navigateToInfrrd()[pri:0, instance:testscripts.SearchFlights@3a1d593e]" started-at="2025-11-09T23:31:24 IST" name="navigateToInfrrd" finished-at="2025-11-09T23:31:51 IST" depends-on-methods="testscripts.SearchFlights.newWindow" duration-ms="26706" status="PASS">
          <reporter-output>
          </reporter-output>
        </test-method> <!-- navigateToInfrrd -->
        <test-method is-config="true" signature="closeBrowser()[pri:0, instance:testscripts.SearchFlights@3a1d593e]" started-at="2025-11-09T23:31:51 IST" name="closeBrowser" finished-at="2025-11-09T23:31:51 IST" duration-ms="0" status="PASS">
          <reporter-output>
          </reporter-output>
        </test-method> <!-- closeBrowser -->
      </class> <!-- testscripts.SearchFlights -->
    </test> <!-- Default test -->
  </suite> <!-- Default suite -->
</testng-results>
